[debug] [2023-08-19T23:22:26.318Z] ----------------------------------------------------------------------
[debug] [2023-08-19T23:22:26.319Z] Command:       /usr/local/bin/node /Users/juhee/.npm-global/bin/firebase init
[debug] [2023-08-19T23:22:26.319Z] CLI Version:   12.4.8
[debug] [2023-08-19T23:22:26.319Z] Platform:      darwin
[debug] [2023-08-19T23:22:26.319Z] Node Version:  v18.16.1
[debug] [2023-08-19T23:22:26.323Z] Time:          Sun Aug 20 2023 08:22:26 GMT+0900 (대한민국 표준시)
[debug] [2023-08-19T23:22:26.323Z] ----------------------------------------------------------------------
[debug] 
[debug] [2023-08-19T23:22:26.353Z] > command requires scopes: ["email","openid","https://www.googleapis.com/auth/cloudplatformprojects.readonly","https://www.googleapis.com/auth/firebase","https://www.googleapis.com/auth/cloud-platform"]
[debug] [2023-08-19T23:22:26.353Z] > authorizing via signed-in user (woodyj9988@gmail.com)
[info] 
     ######## #### ########  ######## ########     ###     ######  ########
     ##        ##  ##     ## ##       ##     ##  ##   ##  ##       ##
     ######    ##  ########  ######   ########  #########  ######  ######
     ##        ##  ##    ##  ##       ##     ## ##     ##       ## ##
     ##       #### ##     ## ######## ########  ##     ##  ######  ########

You're about to initialize a Firebase project in this directory:

  /Users/juhee/Desktop/FrontEnd/project/suicide-prevent

Before we get started, keep in mind:

  * You are initializing within an existing Firebase project directory

[info] 
=== Project Setup
[info] 
[info] First, let's associate this project directory with a Firebase project.
[info] You can create multiple project aliases by running firebase use --add, 
[info] but for now we'll just set up a default project.
[info] 
[debug] [2023-08-19T23:22:34.991Z] Using project from CLI flag: helpgatekeeper
[debug] [2023-08-19T23:22:34.993Z] >>> [apiv2][query] GET https://firebase.googleapis.com/v1beta1/projects/helpgatekeeper [none]
[debug] [2023-08-19T23:22:35.502Z] <<< [apiv2][status] GET https://firebase.googleapis.com/v1beta1/projects/helpgatekeeper 200
[debug] [2023-08-19T23:22:35.502Z] <<< [apiv2][body] GET https://firebase.googleapis.com/v1beta1/projects/helpgatekeeper {"projectId":"helpgatekeeper","projectNumber":"6877543437","displayName":"HelpGateKeeper","name":"projects/helpgatekeeper","resources":{"hostingSite":"helpgatekeeper"},"state":"ACTIVE","etag":"1_fa925388-0d79-4378-8fea-83ff1bd99c57"}
[info] i  Using project helpgatekeeper (HelpGateKeeper) 
[info] 
=== Hosting Setup
[info] 
[info] Your public directory is the folder (relative to your project directory) that
[info] will contain Hosting assets to be uploaded with firebase deploy. If you
[info] have a build process for your assets, use your build's output directory.
[info] 
[debug] [2023-08-19T23:22:46.082Z] >>> [apiv2][query] GET https://www.gstatic.com/firebasejs/releases.json [none]
[debug] [2023-08-19T23:22:46.277Z] <<< [apiv2][status] GET https://www.gstatic.com/firebasejs/releases.json 200
[debug] [2023-08-19T23:22:46.277Z] <<< [apiv2][body] GET https://www.gstatic.com/firebasejs/releases.json {"current":{"version":"10.2.0","browserURL":"https://www.gstatic.com/firebasejs/10.2.0/firebase.js","packageURL":"https://www.gstatic.com/firebasejs/10.2.0/firebase.tgz"},"live":{"version":"10.2","browserURL":"https://www.gstatic.com/firebasejs/live/10.2/firebase.js","packageURL":"https://www.gstatic.com/firebasejs/live/10.2/firebase.tgz"},"components":{"analytics":"https://www.gstatic.com/firebasejs/10.2.0/firebase-analytics.js","app":"https://www.gstatic.com/firebasejs/10.2.0/firebase-app.js","app-check":"https://www.gstatic.com/firebasejs/10.2.0/firebase-app-check.js","auth":"https://www.gstatic.com/firebasejs/10.2.0/firebase-auth.js","auth/cordova":"https://www.gstatic.com/firebasejs/10.2.0/firebase-auth/cordova.js","functions":"https://www.gstatic.com/firebasejs/10.2.0/firebase-functions.js","firestore":"https://www.gstatic.com/firebasejs/10.2.0/firebase-firestore.js","firestore/lite":"https://www.gstatic.com/firebasejs/10.2.0/firebase-firestore/lite.js","installations":"https://www.gstatic.com/firebasejs/10.2.0/firebase-installations.js","storage":"https://www.gstatic.com/firebasejs/10.2.0/firebase-storage.js","performance":"https://www.gstatic.com/firebasejs/10.2.0/firebase-performance.js","remote-config":"https://www.gstatic.com/firebasejs/10.2.0/firebase-remote-config.js","messaging":"https://www.gstatic.com/firebasejs/10.2.0/firebase-messaging.js","messaging/sw":"https://www.gstatic.com/firebasejs/10.2.0/firebase-messaging/sw.js","database":"https://www.gstatic.com/firebasejs/10.2.0/firebase-database.js","firestore.memory":"https://www.gstatic.com/firebasejs/10.2.0/firebase-firestore.memory.js"}}
[info] ✔  Wrote build/index.html 
[info] 
[info] i  Detected a .git folder at /Users/juhee/Desktop/FrontEnd/project/suicide-prevent 
[info] i  Authorizing with GitHub to upload your service account to a GitHub repository's secrets store. 
[info] 
[info] Visit this URL on this device to log in:
[info] https://github.com/login/oauth/authorize?client_id=89cf50f02ac6aaed3484&state=968800748&redirect_uri=http%3A%2F%2Flocalhost%3A9005&scope=read%3Auser%20repo%20public_repo
[info] 
[info] Waiting for authentication...
[debug] [2023-08-19T23:22:48.304Z] >>> [apiv2][query] POST https://github.com/login/oauth/access_token [none]
[debug] [2023-08-19T23:22:48.305Z] >>> [apiv2][body] POST https://github.com/login/oauth/access_token [stream]
[debug] [2023-08-19T23:22:48.616Z] <<< [apiv2][status] POST https://github.com/login/oauth/access_token 200
[debug] [2023-08-19T23:22:48.616Z] <<< [apiv2][body] POST https://github.com/login/oauth/access_token {"access_token":"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","token_type":"bearer","scope":"read:user,repo"}
[debug] [2023-08-19T23:22:48.623Z] >>> [apiv2][query] GET https://api.github.com/user [none]
[debug] [2023-08-19T23:22:48.958Z] <<< [apiv2][status] GET https://api.github.com/user 200
[debug] [2023-08-19T23:22:48.959Z] <<< [apiv2][body] GET https://api.github.com/user {"login":"juhee067","id":66045537,"node_id":"MDQ6VXNlcjY2MDQ1NTM3","avatar_url":"https://avatars.githubusercontent.com/u/66045537?v=4","gravatar_id":"","url":"https://api.github.com/users/juhee067","html_url":"https://github.com/juhee067","followers_url":"https://api.github.com/users/juhee067/followers","following_url":"https://api.github.com/users/juhee067/following{/other_user}","gists_url":"https://api.github.com/users/juhee067/gists{/gist_id}","starred_url":"https://api.github.com/users/juhee067/starred{/owner}{/repo}","subscriptions_url":"https://api.github.com/users/juhee067/subscriptions","organizations_url":"https://api.github.com/users/juhee067/orgs","repos_url":"https://api.github.com/users/juhee067/repos","events_url":"https://api.github.com/users/juhee067/events{/privacy}","received_events_url":"https://api.github.com/users/juhee067/received_events","type":"User","site_admin":false,"name":null,"company":null,"blog":"","location":null,"email":null,"hireable":null,"bio":null,"twitter_username":null,"public_repos":29,"public_gists":0,"followers":7,"following":12,"created_at":"2020-05-28T01:31:25Z","updated_at":"2023-08-14T21:38:36Z","private_gists":0,"total_private_repos":1,"owned_private_repos":1,"disk_usage":350583,"collaborators":1,"two_factor_authentication":false,"plan":{"name":"free","space":976562499,"collaborators":0,"private_repos":10000}}
[info] 
[info] ✔  Success! Logged into GitHub as juhee067 
[info] 
